0 info it worked if it ends with ok
1 verbose cli [ '/Users/dac77/.nvm/versions/node/v5.6.0/bin/node',
1 verbose cli   '/Users/dac77/.nvm/versions/node/v5.6.0/bin/npm',
1 verbose cli   'run',
1 verbose cli   'dev' ]
2 info using npm@3.6.0
3 info using node@v5.6.0
4 verbose run-script [ 'predev', 'dev', 'postdev' ]
5 info lifecycle react-components@1.0.0~predev: react-components@1.0.0
6 silly lifecycle react-components@1.0.0~predev: no script for predev, continuing
7 info lifecycle react-components@1.0.0~dev: react-components@1.0.0
8 verbose lifecycle react-components@1.0.0~dev: unsafe-perm in lifecycle true
9 verbose lifecycle react-components@1.0.0~dev: PATH: /Users/dac77/.nvm/versions/node/v5.6.0/lib/node_modules/npm/bin/node-gyp-bin:/Users/dac77/Projects/Personal/React-Components/src/node_modules/.bin:/Users/dac77/.nvm/versions/node/v5.6.0/bin:/Users/dac77/.rbenv/shims:/usr/local/bin:/usr/bin:/bin:/usr/sbin:/sbin
10 verbose lifecycle react-components@1.0.0~dev: CWD: /Users/dac77/Projects/Personal/React-Components/src
11 silly lifecycle react-components@1.0.0~dev: Args: [ '-c', 'webpack -d --watch' ]
12 info lifecycle react-components@1.0.0~dev: Failed to exec dev script
13 verbose stack Error: react-components@1.0.0 dev: `webpack -d --watch`
13 verbose stack spawn ENOENT
13 verbose stack     at ChildProcess.<anonymous> (/Users/dac77/.nvm/versions/node/v5.6.0/lib/node_modules/npm/lib/utils/spawn.js:17:16)
13 verbose stack     at emitTwo (events.js:100:13)
13 verbose stack     at ChildProcess.emit (events.js:185:7)
13 verbose stack     at maybeClose (internal/child_process.js:827:16)
13 verbose stack     at Process.ChildProcess._handle.onexit (internal/child_process.js:211:5)
14 verbose pkgid react-components@1.0.0
15 verbose cwd /Users/dac77/Projects/Personal/React-Components/src
16 error Darwin 14.5.0
17 error argv "/Users/dac77/.nvm/versions/node/v5.6.0/bin/node" "/Users/dac77/.nvm/versions/node/v5.6.0/bin/npm" "run" "dev"
18 error node v5.6.0
19 error npm  v3.6.0
20 error file sh
21 error code ELIFECYCLE
22 error errno ENOENT
23 error syscall spawn
24 error react-components@1.0.0 dev: `webpack -d --watch`
24 error spawn ENOENT
25 error Failed at the react-components@1.0.0 dev script 'webpack -d --watch'.
25 error Make sure you have the latest version of node.js and npm installed.
25 error If you do, this is most likely a problem with the react-components package,
25 error not with npm itself.
25 error Tell the author that this fails on your system:
25 error     webpack -d --watch
25 error You can get information on how to open an issue for this project with:
25 error     npm bugs react-components
25 error Or if that isn't available, you can get their info via:
25 error     npm owner ls react-components
25 error There is likely additional logging output above.
26 verbose exit [ 1, true ]
